<?xml version="1.0" encoding="UTF-8"?>
<!-- Generated by org.testng.reporters.JUnitReportReporter -->
<testsuite hostname="DESKTOP-U57OPRT" failures="0" tests="1" name="Dynamic_Json" time="13.801" errors="0" timestamp="2022-12-26T16:34:52 IST" skipped="0">
  <testcase classname="Dynamic_Json" name="addBook" time="13.801"/>
  <system-out/>
</testsuite> <!-- Dynamic_Json -->
